[WARN] [2018-08-31 23:45:12][com.netflix.config.sources.URLConfigurationSource]No URLs will be polled as dynamic configuration sources.
[INFO] [2018-08-31 23:45:12][com.netflix.config.sources.URLConfigurationSource]To enable URLs as dynamic configuration sources, define System property archaius.configurationSource.additionalUrls or make config.properties available on classpath.
[INFO] [2018-08-31 23:45:12][com.netflix.config.DynamicPropertyFactory]DynamicPropertyFactory is initialized with configuration sources: com.netflix.config.ConcurrentCompositeConfiguration@13c27452
[WARN] [2018-08-31 23:46:45][com.netflix.config.sources.URLConfigurationSource]No URLs will be polled as dynamic configuration sources.
[INFO] [2018-08-31 23:46:45][com.netflix.config.sources.URLConfigurationSource]To enable URLs as dynamic configuration sources, define System property archaius.configurationSource.additionalUrls or make config.properties available on classpath.
[INFO] [2018-08-31 23:46:45][com.netflix.config.DynamicPropertyFactory]DynamicPropertyFactory is initialized with configuration sources: com.netflix.config.ConcurrentCompositeConfiguration@13c27452
[INFO] [2018-09-02 22:55:55][org.springframework.context.support.FileSystemXmlApplicationContext]Refreshing org.springframework.context.support.FileSystemXmlApplicationContext@6c49835d: startup date [Sun Sep 02 22:55:55 CST 2018]; root of context hierarchy
[INFO] [2018-09-02 22:55:55][org.springframework.beans.factory.xml.XmlBeanDefinitionReader]Loading XML bean definitions from class path resource [applicationContext.xml]
[INFO] [2018-09-02 22:56:48][org.springframework.context.support.FileSystemXmlApplicationContext]Refreshing org.springframework.context.support.FileSystemXmlApplicationContext@6c49835d: startup date [Sun Sep 02 22:56:48 CST 2018]; root of context hierarchy
[INFO] [2018-09-02 22:56:48][org.springframework.beans.factory.xml.XmlBeanDefinitionReader]Loading XML bean definitions from class path resource [applicationContext.xml]
[INFO] [2018-09-02 22:56:56][org.springframework.beans.factory.xml.XmlBeanDefinitionReader]Loading XML bean definitions from class path resource [mybatis-config.xml]
[INFO] [2018-09-02 22:57:41][org.springframework.context.support.FileSystemXmlApplicationContext]Refreshing org.springframework.context.support.FileSystemXmlApplicationContext@6c49835d: startup date [Sun Sep 02 22:57:41 CST 2018]; root of context hierarchy
[INFO] [2018-09-02 22:57:41][org.springframework.beans.factory.xml.XmlBeanDefinitionReader]Loading XML bean definitions from class path resource [applicationContext.xml]
[WARN] [2018-09-02 22:57:42][org.springframework.context.support.FileSystemXmlApplicationContext]Exception encountered during context initialization - cancelling refresh attempt: org.springframework.beans.factory.BeanCreationException: Error creating bean with name 'studentServiceImpl': Injection of autowired dependencies failed; nested exception is org.springframework.beans.factory.BeanCreationException: Could not autowire field: private com.tech.dao.StudentMapper com.tech.service.serviceImpl.StudentServiceImpl.studentMapper; nested exception is org.springframework.beans.factory.NoSuchBeanDefinitionException: No qualifying bean of type [com.tech.dao.StudentMapper] found for dependency: expected at least 1 bean which qualifies as autowire candidate for this dependency. Dependency annotations: {@org.springframework.beans.factory.annotation.Autowired(required=true)}
[INFO] [2018-09-02 23:00:36][org.springframework.context.support.FileSystemXmlApplicationContext]Refreshing org.springframework.context.support.FileSystemXmlApplicationContext@6c49835d: startup date [Sun Sep 02 23:00:36 CST 2018]; root of context hierarchy
[INFO] [2018-09-02 23:00:36][org.springframework.beans.factory.xml.XmlBeanDefinitionReader]Loading XML bean definitions from class path resource [applicationContext.xml]
[INFO] [2018-09-02 23:00:36][org.springframework.beans.factory.xml.XmlBeanDefinitionReader]Loading XML bean definitions from class path resource [spring-mybatis.xml]
[INFO] [2018-09-02 23:00:36][org.springframework.beans.factory.xml.XmlBeanDefinitionReader]Loading XML bean definitions from class path resource [spring-mvc.xml]
[INFO] [2018-09-02 23:00:37][org.springframework.beans.factory.config.PreferencesPlaceholderConfigurer]Loading properties file from class path resource [jdbc.properties]
[WARN] [2018-09-02 23:00:37][org.springframework.context.support.FileSystemXmlApplicationContext]Exception encountered during context initialization - cancelling refresh attempt: org.springframework.beans.factory.BeanCreationException: Error creating bean with name 'studentServiceImpl': Injection of autowired dependencies failed; nested exception is org.springframework.beans.factory.BeanCreationException: Could not autowire field: private com.tech.dao.StudentMapper com.tech.service.serviceImpl.StudentServiceImpl.studentMapper; nested exception is java.lang.NoClassDefFoundError: javax/servlet/ServletContext
[INFO] [2018-09-03 21:11:13][org.springframework.context.support.FileSystemXmlApplicationContext]Refreshing org.springframework.context.support.FileSystemXmlApplicationContext@6c49835d: startup date [Mon Sep 03 21:11:13 CST 2018]; root of context hierarchy
[INFO] [2018-09-03 21:11:13][org.springframework.beans.factory.xml.XmlBeanDefinitionReader]Loading XML bean definitions from class path resource [applicationContext.xml]
[INFO] [2018-09-03 21:11:14][org.springframework.beans.factory.xml.XmlBeanDefinitionReader]Loading XML bean definitions from class path resource [spring-mybatis.xml]
[INFO] [2018-09-03 21:11:14][org.springframework.beans.factory.xml.XmlBeanDefinitionReader]Loading XML bean definitions from class path resource [spring-mvc.xml]
[INFO] [2018-09-03 21:11:14][org.springframework.beans.factory.config.PreferencesPlaceholderConfigurer]Loading properties file from class path resource [jdbc.properties]
[WARN] [2018-09-03 21:11:15][org.springframework.context.support.FileSystemXmlApplicationContext]Exception encountered during context initialization - cancelling refresh attempt: org.springframework.beans.factory.BeanCreationException: Error creating bean with name 'studentServiceImpl': Injection of autowired dependencies failed; nested exception is org.springframework.beans.factory.BeanCreationException: Could not autowire field: private com.tech.dao.StudentMapper com.tech.service.serviceImpl.StudentServiceImpl.studentMapper; nested exception is java.lang.NoClassDefFoundError: javax/servlet/ServletContext
[INFO] [2018-09-03 21:20:40][org.springframework.context.support.FileSystemXmlApplicationContext]Refreshing org.springframework.context.support.FileSystemXmlApplicationContext@6c49835d: startup date [Mon Sep 03 21:20:40 CST 2018]; root of context hierarchy
[INFO] [2018-09-03 21:20:40][org.springframework.beans.factory.xml.XmlBeanDefinitionReader]Loading XML bean definitions from class path resource [applicationContext.xml]
[INFO] [2018-09-03 21:20:40][org.springframework.beans.factory.xml.XmlBeanDefinitionReader]Loading XML bean definitions from class path resource [spring-mybatis.xml]
[INFO] [2018-09-03 21:20:40][org.springframework.beans.factory.xml.XmlBeanDefinitionReader]Loading XML bean definitions from class path resource [spring-mvc.xml]
[INFO] [2018-09-03 21:20:40][org.springframework.beans.factory.config.PreferencesPlaceholderConfigurer]Loading properties file from class path resource [jdbc.properties]
[WARN] [2018-09-03 21:20:41][org.springframework.context.support.FileSystemXmlApplicationContext]Exception encountered during context initialization - cancelling refresh attempt: org.springframework.beans.factory.BeanCreationException: Error creating bean with name 'studentServiceImpl': Injection of autowired dependencies failed; nested exception is org.springframework.beans.factory.BeanCreationException: Could not autowire field: private com.tech.dao.StudentMapper com.tech.service.serviceImpl.StudentServiceImpl.studentMapper; nested exception is java.lang.NoClassDefFoundError: javax/servlet/ServletContext
[INFO] [2018-09-03 21:57:26][org.springframework.context.support.ClassPathXmlApplicationContext]Refreshing org.springframework.context.support.ClassPathXmlApplicationContext@6c49835d: startup date [Mon Sep 03 21:57:26 CST 2018]; root of context hierarchy
[INFO] [2018-09-03 21:57:26][org.springframework.beans.factory.xml.XmlBeanDefinitionReader]Loading XML bean definitions from class path resource [applicationContext.xml]
[INFO] [2018-09-03 21:57:26][org.springframework.beans.factory.xml.XmlBeanDefinitionReader]Loading XML bean definitions from class path resource [spring-mybatis.xml]
[INFO] [2018-09-03 21:57:26][org.springframework.beans.factory.xml.XmlBeanDefinitionReader]Loading XML bean definitions from class path resource [spring-mvc.xml]
[INFO] [2018-09-03 21:57:27][org.springframework.beans.factory.config.PreferencesPlaceholderConfigurer]Loading properties file from class path resource [jdbc.properties]
[WARN] [2018-09-03 21:57:27][org.springframework.context.support.ClassPathXmlApplicationContext]Exception encountered during context initialization - cancelling refresh attempt: org.springframework.beans.factory.BeanCreationException: Error creating bean with name 'studentServiceImpl': Injection of autowired dependencies failed; nested exception is org.springframework.beans.factory.BeanCreationException: Could not autowire field: private com.tech.dao.StudentMapper com.tech.service.serviceImpl.StudentServiceImpl.studentMapper; nested exception is java.lang.NoClassDefFoundError: javax/servlet/ServletContext
[INFO] [2018-09-03 22:00:21][org.springframework.context.support.ClassPathXmlApplicationContext]Refreshing org.springframework.context.support.ClassPathXmlApplicationContext@6c49835d: startup date [Mon Sep 03 22:00:21 CST 2018]; root of context hierarchy
[INFO] [2018-09-03 22:00:21][org.springframework.beans.factory.xml.XmlBeanDefinitionReader]Loading XML bean definitions from class path resource [applicationContext.xml]
[INFO] [2018-09-03 22:00:21][org.springframework.beans.factory.xml.XmlBeanDefinitionReader]Loading XML bean definitions from class path resource [spring-mybatis.xml]
[INFO] [2018-09-03 22:00:21][org.springframework.beans.factory.xml.XmlBeanDefinitionReader]Loading XML bean definitions from class path resource [spring-mvc.xml]
[INFO] [2018-09-03 22:00:22][org.springframework.beans.factory.config.PreferencesPlaceholderConfigurer]Loading properties file from class path resource [jdbc.properties]
[WARN] [2018-09-03 22:00:22][org.springframework.context.support.ClassPathXmlApplicationContext]Exception encountered during context initialization - cancelling refresh attempt: org.springframework.beans.factory.BeanCreationException: Error creating bean with name 'studentServiceImpl': Injection of autowired dependencies failed; nested exception is org.springframework.beans.factory.BeanCreationException: Could not autowire field: private com.tech.dao.StudentMapper com.tech.service.serviceImpl.StudentServiceImpl.studentMapper; nested exception is java.lang.NoClassDefFoundError: javax/servlet/ServletContext
[INFO] [2018-09-03 22:03:40][org.springframework.context.support.ClassPathXmlApplicationContext]Refreshing org.springframework.context.support.ClassPathXmlApplicationContext@6c49835d: startup date [Mon Sep 03 22:03:40 CST 2018]; root of context hierarchy
[INFO] [2018-09-03 22:03:40][org.springframework.beans.factory.xml.XmlBeanDefinitionReader]Loading XML bean definitions from class path resource [spring-mybatis.xml]
[INFO] [2018-09-03 22:03:40][org.springframework.beans.factory.xml.XmlBeanDefinitionReader]Loading XML bean definitions from class path resource [spring-mvc.xml]
[INFO] [2018-09-03 22:03:41][org.springframework.beans.factory.config.PreferencesPlaceholderConfigurer]Loading properties file from class path resource [jdbc.properties]
[WARN] [2018-09-03 22:03:41][org.springframework.context.support.ClassPathXmlApplicationContext]Exception encountered during context initialization - cancelling refresh attempt: org.springframework.beans.factory.BeanCreationException: Error creating bean with name 'studentServiceImpl': Injection of autowired dependencies failed; nested exception is org.springframework.beans.factory.BeanCreationException: Could not autowire field: private com.tech.dao.StudentMapper com.tech.service.serviceImpl.StudentServiceImpl.studentMapper; nested exception is java.lang.NoClassDefFoundError: javax/servlet/ServletContext
[INFO] [2018-09-03 22:04:43][org.springframework.context.support.ClassPathXmlApplicationContext]Refreshing org.springframework.context.support.ClassPathXmlApplicationContext@6c49835d: startup date [Mon Sep 03 22:04:43 CST 2018]; root of context hierarchy
[INFO] [2018-09-03 22:04:43][org.springframework.beans.factory.xml.XmlBeanDefinitionReader]Loading XML bean definitions from class path resource [spring-mybatis.xml]
[INFO] [2018-09-03 22:04:43][org.springframework.beans.factory.xml.XmlBeanDefinitionReader]Loading XML bean definitions from class path resource [spring-mvc.xml]
[INFO] [2018-09-03 22:04:43][org.springframework.beans.factory.config.PreferencesPlaceholderConfigurer]Loading properties file from class path resource [jdbc.properties]
[WARN] [2018-09-03 22:04:44][org.springframework.context.support.ClassPathXmlApplicationContext]Exception encountered during context initialization - cancelling refresh attempt: org.springframework.beans.factory.BeanCreationException: Error creating bean with name 'studentServiceImpl': Injection of autowired dependencies failed; nested exception is org.springframework.beans.factory.BeanCreationException: Could not autowire field: private com.tech.dao.StudentMapper com.tech.service.serviceImpl.StudentServiceImpl.studentMapper; nested exception is java.lang.NoClassDefFoundError: javax/servlet/ServletContext
[INFO] [2018-09-03 22:07:01][org.springframework.context.support.ClassPathXmlApplicationContext]Refreshing org.springframework.context.support.ClassPathXmlApplicationContext@6c49835d: startup date [Mon Sep 03 22:07:01 CST 2018]; root of context hierarchy
[INFO] [2018-09-03 22:07:01][org.springframework.beans.factory.xml.XmlBeanDefinitionReader]Loading XML bean definitions from class path resource [spring-mybatis.xml]
[INFO] [2018-09-03 22:07:01][org.springframework.beans.factory.xml.XmlBeanDefinitionReader]Loading XML bean definitions from class path resource [spring-mvc.xml]
[INFO] [2018-09-03 22:07:02][org.springframework.beans.factory.config.PreferencesPlaceholderConfigurer]Loading properties file from class path resource [jdbc.properties]
[WARN] [2018-09-03 22:07:02][org.springframework.context.support.ClassPathXmlApplicationContext]Exception encountered during context initialization - cancelling refresh attempt: org.springframework.beans.factory.BeanCreationException: Error creating bean with name 'studentController': Injection of autowired dependencies failed; nested exception is org.springframework.beans.factory.BeanCreationException: Could not autowire field: private com.tech.service.StudentService com.tech.controller.StudentController.studentService; nested exception is java.lang.NoClassDefFoundError: javax/servlet/ServletContext
